#
# There is insufficient memory for the Java Runtime Environment to continue.
# Native memory allocation (malloc) failed to allocate 1061376 bytes for Chunk::new
# Possible reasons:
#   The system is out of physical RAM or swap space
#   The process is running with CompressedOops enabled, and the Java Heap may be blocking the growth of the native heap
# Possible solutions:
#   Reduce memory load on the system
#   Increase physical memory or swap space
#   Check if swap backing store is full
#   Decrease Java heap size (-Xmx/-Xms)
#   Decrease number of Java threads
#   Decrease Java thread stack sizes (-Xss)
#   Set larger code cache with -XX:ReservedCodeCacheSize=
#   JVM is running with Unscaled Compressed Oops mode in which the Java heap is
#     placed in the first 4GB address space. The Java Heap base address is the
#     maximum limit for the native heap growth. Please use -XX:HeapBaseMinAddress
#     to set the Java Heap base and to place the Java Heap above 4GB virtual address.
# This output file may be truncated or incomplete.
#
#  Out of Memory Error (./src/hotspot/share/memory/arena.cpp:197), pid=31624, tid=31760
#
# JRE version: OpenJDK Runtime Environment (11.0.11+9) (build 11.0.11+9-b60-7590822)
# Java VM: OpenJDK 64-Bit Server VM (11.0.11+9-b60-7590822, mixed mode, tiered, compressed oops, g1 gc, windows-amd64)
# No core dump will be written. Minidumps are not enabled by default on client versions of Windows
#

---------------  S U M M A R Y ------------

Command Line: --add-opens=java.base/java.util=ALL-UNNAMED --add-opens=java.base/java.lang=ALL-UNNAMED --add-opens=java.base/java.lang.invoke=ALL-UNNAMED --add-opens=java.base/java.util=ALL-UNNAMED --add-opens=java.prefs/java.util.prefs=ALL-UNNAMED --add-opens=java.prefs/java.util.prefs=ALL-UNNAMED --add-opens=java.base/java.nio.charset=ALL-UNNAMED --add-opens=java.base/java.net=ALL-UNNAMED --add-opens=java.base/java.util.concurrent.atomic=ALL-UNNAMED -Xmx2048m -Dfile.encoding=UTF-8 -Duser.country=CN -Duser.language=zh -Duser.variant org.gradle.launcher.daemon.bootstrap.GradleDaemon 7.2

Host: AMD Ryzen 7 5800H with Radeon Graphics         , 16 cores, 15G,  Windows 10 , 64 bit Build 19041 (10.0.19041.3155)
Time: Mon Jul 31 15:08:52 2023 中国标准时间 elapsed time: 3.821529 seconds (0d 0h 0m 3s)

---------------  T H R E A D  ---------------

Current thread (0x000002415c44d000):  JavaThread "C2 CompilerThread1" daemon [_thread_in_native, id=31760, stack(0x000000c974300000,0x000000c974400000)]


Current CompileTask:
C2:   3821 2338       4       java.net.URLClassLoader$1::run (5 bytes)

Stack: [0x000000c974300000,0x000000c974400000]
Native frames: (J=compiled Java code, j=interpreted, Vv=VM code, C=native code)
V  [jvm.dll+0x5f214a]
V  [jvm.dll+0x726fb5]
V  [jvm.dll+0x7285cd]
V  [jvm.dll+0x728c83]
V  [jvm.dll+0x243278]
V  [jvm.dll+0xbc53c]
V  [jvm.dll+0xbca3c]
V  [jvm.dll+0x2b5c34]
V  [jvm.dll+0x508488]
V  [jvm.dll+0x203d53]
V  [jvm.dll+0x1fdbac]
V  [jvm.dll+0x1fb35f]
V  [jvm.dll+0x183d6c]
V  [jvm.dll+0x209a57]
V  [jvm.dll+0x2082a1]
V  [jvm.dll+0x6ef58f]
V  [jvm.dll+0x6e80b5]
V  [jvm.dll+0x5f1036]
C  [ucrtbase.dll+0x21bb2]
C  [KERNEL32.DLL+0x17614]
C  [ntdll.dll+0x526b1]


---------------  P R O C E S S  ---------------

Threads class SMR info:
_java_thread_list=0x000002415d0786b0, length=31, elements={
0x000002413df6e800, 0x000002415970e800, 0x000002415971a000, 0x0000024159780800,
0x0000024159783000, 0x0000024159788800, 0x0000024159789800, 0x000002415978b800,
0x0000024159794800, 0x0000024158ea4800, 0x00000241598ff800, 0x0000024159afa000,
0x0000024159afa800, 0x000002415affb000, 0x000002415cb97800, 0x000002415bf1c800,
0x000002415ca21000, 0x000002415b70e800, 0x000002415b85e000, 0x000002415b0b9800,
0x000002415c17c800, 0x0000024159af8800, 0x0000024159af9000, 0x000002415c44e000,
0x000002415c44b800, 0x000002415c44a800, 0x000002415c44d000, 0x000002415c44e800,
0x000002415c44f800, 0x000002415c44c000, 0x000002415c449800
}

Java Threads: ( => current thread )
  0x000002413df6e800 JavaThread "main" [_thread_blocked, id=14076, stack(0x000000c971400000,0x000000c971500000)]
  0x000002415970e800 JavaThread "Reference Handler" daemon [_thread_blocked, id=14420, stack(0x000000c971b00000,0x000000c971c00000)]
  0x000002415971a000 JavaThread "Finalizer" daemon [_thread_blocked, id=31984, stack(0x000000c971c00000,0x000000c971d00000)]
  0x0000024159780800 JavaThread "Signal Dispatcher" daemon [_thread_blocked, id=19264, stack(0x000000c971d00000,0x000000c971e00000)]
  0x0000024159783000 JavaThread "Attach Listener" daemon [_thread_blocked, id=6260, stack(0x000000c971e00000,0x000000c971f00000)]
  0x0000024159788800 JavaThread "Service Thread" daemon [_thread_blocked, id=22492, stack(0x000000c971f00000,0x000000c972000000)]
  0x0000024159789800 JavaThread "C2 CompilerThread0" daemon [_thread_in_native, id=632, stack(0x000000c972000000,0x000000c972100000)]
  0x000002415978b800 JavaThread "C1 CompilerThread0" daemon [_thread_blocked, id=17036, stack(0x000000c972100000,0x000000c972200000)]
  0x0000024159794800 JavaThread "Sweeper thread" daemon [_thread_blocked, id=19648, stack(0x000000c972200000,0x000000c972300000)]
  0x0000024158ea4800 JavaThread "C1 CompilerThread1" daemon [_thread_blocked, id=15464, stack(0x000000c972300000,0x000000c972400000)]
  0x00000241598ff800 JavaThread "Common-Cleaner" daemon [_thread_blocked, id=28416, stack(0x000000c972400000,0x000000c972500000)]
  0x0000024159afa000 JavaThread "C1 CompilerThread2" daemon [_thread_blocked, id=5572, stack(0x000000c972d00000,0x000000c972e00000)]
  0x0000024159afa800 JavaThread "C1 CompilerThread3" daemon [_thread_blocked, id=28880, stack(0x000000c972e00000,0x000000c972f00000)]
  0x000002415affb000 JavaThread "Daemon health stats" [_thread_blocked, id=31620, stack(0x000000c972f00000,0x000000c973000000)]
  0x000002415cb97800 JavaThread "Incoming local TCP Connector on port 56940" [_thread_in_native, id=31284, stack(0x000000c972600000,0x000000c972700000)]
  0x000002415bf1c800 JavaThread "Daemon periodic checks" [_thread_blocked, id=21288, stack(0x000000c972700000,0x000000c972800000)]
  0x000002415ca21000 JavaThread "Daemon" [_thread_blocked, id=17328, stack(0x000000c973000000,0x000000c973100000)]
  0x000002415b70e800 JavaThread "Handler for socket connection from /127.0.0.1:56940 to /127.0.0.1:56941" [_thread_in_native, id=6244, stack(0x000000c973100000,0x000000c973200000)]
  0x000002415b85e000 JavaThread "Cancel handler" [_thread_blocked, id=860, stack(0x000000c973200000,0x000000c973300000)]
  0x000002415b0b9800 JavaThread "Daemon worker" [_thread_in_vm, id=1432, stack(0x000000c973300000,0x000000c973400000)]
  0x000002415c17c800 JavaThread "Asynchronous log dispatcher for DefaultDaemonConnection: socket connection from /127.0.0.1:56940 to /127.0.0.1:56941" [_thread_blocked, id=27656, stack(0x000000c973400000,0x000000c973500000)]
  0x0000024159af8800 JavaThread "Stdin handler" [_thread_blocked, id=17340, stack(0x000000c973500000,0x000000c973600000)]
  0x0000024159af9000 JavaThread "Daemon client event forwarder" [_thread_blocked, id=30524, stack(0x000000c973600000,0x000000c973700000)]
  0x000002415c44e000 JavaThread "Cache worker for journal cache (C:\Users\kongz\.gradle\caches\journal-1)" [_thread_blocked, id=30224, stack(0x000000c973700000,0x000000c973800000)]
  0x000002415c44b800 JavaThread "File lock request listener" [_thread_in_native, id=29912, stack(0x000000c973800000,0x000000c973900000)]
  0x000002415c44a800 JavaThread "Cache worker for file hash cache (C:\Users\kongz\.gradle\caches\7.2\fileHashes)" [_thread_blocked, id=22576, stack(0x000000c973900000,0x000000c973a00000)]
=>0x000002415c44d000 JavaThread "C2 CompilerThread1" daemon [_thread_in_native, id=31760, stack(0x000000c974300000,0x000000c974400000)]
  0x000002415c44e800 JavaThread "Cache worker for file hash cache (D:\andriod game\Mobile_ADProject\.gradle\7.2\fileHashes)" [_thread_blocked, id=3380, stack(0x000000c974400000,0x000000c974500000)]
  0x000002415c44f800 JavaThread "C2 CompilerThread2" daemon [_thread_blocked, id=31804, stack(0x000000c974500000,0x000000c974600000)]
  0x000002415c44c000 JavaThread "File watcher server" daemon [_thread_in_native, id=15196, stack(0x000000c974600000,0x000000c974700000)]
  0x000002415c449800 JavaThread "File watcher consumer" daemon [_thread_blocked, id=344, stack(0x000000c974700000,0x000000c974800000)]

Other Threads:
  0x000002415970c000 VMThread "VM Thread" [stack: 0x000000c971a00000,0x000000c971b00000] [id=32088]
  0x000002415994a800 WatcherThread [stack: 0x000000c972500000,0x000000c972600000] [id=29544]
  0x000002413df87800 GCTaskThread "GC Thread#0" [stack: 0x000000c971500000,0x000000c971600000] [id=14988]
  0x000002415a87a800 GCTaskThread "GC Thread#1" [stack: 0x000000c972800000,0x000000c972900000] [id=3400]
  0x000002415aa06800 GCTaskThread "GC Thread#2" [stack: 0x000000c972900000,0x000000c972a00000] [id=10388]
  0x000002415ab29800 GCTaskThread "GC Thread#3" [stack: 0x000000c972a00000,0x000000c972b00000] [id=31152]
  0x0000024159fcb800 GCTaskThread "GC Thread#4" [stack: 0x000000c972b00000,0x000000c972c00000] [id=25864]
  0x0000024159fcc800 GCTaskThread "GC Thread#5" [stack: 0x000000c972c00000,0x000000c972d00000] [id=31664]
  0x000002415ab3e800 GCTaskThread "GC Thread#6" [stack: 0x000000c973a00000,0x000000c973b00000] [id=24736]
  0x000002415c62a800 GCTaskThread "GC Thread#7" [stack: 0x000000c973b00000,0x000000c973c00000] [id=7092]
  0x000002415ab7e000 GCTaskThread "GC Thread#8" [stack: 0x000000c973c00000,0x000000c973d00000] [id=4792]
  0x000002415b061800 GCTaskThread "GC Thread#9" [stack: 0x000000c973d00000,0x000000c973e00000] [id=2540]
  0x000002415b062000 GCTaskThread "GC Thread#10" [stack: 0x000000c973e00000,0x000000c973f00000] [id=30116]
  0x000002415bf78800 GCTaskThread "GC Thread#11" [stack: 0x000000c973f00000,0x000000c974000000] [id=27768]
  0x000002415bf79000 GCTaskThread "GC Thread#12" [stack: 0x000000c974000000,0x000000c974100000] [id=24308]
  0x000002413dfb9000 ConcurrentGCThread "G1 Main Marker" [stack: 0x000000c971600000,0x000000c971700000] [id=30880]
  0x000002413dfbb000 ConcurrentGCThread "G1 Conc#0" [stack: 0x000000c971700000,0x000000c971800000] [id=27944]
  0x000002415a32c000 ConcurrentGCThread "G1 Conc#1" [stack: 0x000000c974100000,0x000000c974200000] [id=13856]
  0x000002415be22000 ConcurrentGCThread "G1 Conc#2" [stack: 0x000000c974200000,0x000000c974300000] [id=25392]
  0x000002413e04e800 ConcurrentGCThread "G1 Refine#0" [stack: 0x000000c971800000,0x000000c971900000] [id=21676]
  0x0000024158d53800 ConcurrentGCThread "G1 Young RemSet Sampling" [stack: 0x000000c971900000,0x000000c971a00000] [id=30376]

Threads with active compile tasks:
C2 CompilerThread0   3857 2339   !   4       java.net.URLClassLoader$1::run (63 bytes)
C1 CompilerThread0   3858 2459   !   3       java.lang.invoke.MethodHandleNatives::linkMethodHandleConstant (50 bytes)
C1 CompilerThread2   3858 2460       3       java.lang.invoke.MethodHandles$Lookup::linkMethodHandleConstant (220 bytes)
C2 CompilerThread1   3858 2338       4       java.net.URLClassLoader$1::run (5 bytes)

VM state:not at safepoint (normal execution)

VM Mutex/Monitor currently owned by a thread: None

Heap address: 0x0000000080000000, size: 2048 MB, Compressed Oops mode: 32-bit
Narrow klass base: 0x0000000000000000, Narrow klass shift: 3
Compressed class space size: 1073741824 Address: 0x0000000100000000

Heap:
 garbage-first heap   total 260096K, used 47367K [0x0000000080000000, 0x0000000100000000)
  region size 1024K, 31 young (31744K), 1 survivors (1024K)
 Metaspace       used 25959K, capacity 26600K, committed 26928K, reserved 1073152K
  class space    used 3371K, capacity 3585K, committed 3712K, reserved 1048576K
Heap Regions: E=young(eden), S=young(survivor), O=old, HS=humongous(starts), HC=humongous(continues), CS=collection set, F=free, A=archive, TAMS=top-at-mark-start (previous, next)
|   0|0x0000000080000000, 0x0000000080100000, 0x0000000080100000|100%| O|  |TAMS 0x0000000080000000, 0x0000000080000000| Untracked 
|   1|0x0000000080100000, 0x0000000080200000, 0x0000000080200000|100%| O|  |TAMS 0x0000000080100000, 0x0000000080100000| Untracked 
|   2|0x0000000080200000, 0x0000000080300000, 0x0000000080300000|100%| O|  |TAMS 0x0000000080200000, 0x0000000080200000| Untracked 
|   3|0x0000000080300000, 0x0000000080400000, 0x0000000080400000|100%|HS|  |TAMS 0x0000000080400000, 0x0000000080300000| Complete 
|   4|0x0000000080400000, 0x0000000080500000, 0x0000000080500000|100%|HC|  |TAMS 0x0000000080500000, 0x0000000080400000| Complete 
|   5|0x0000000080500000, 0x0000000080600000, 0x0000000080600000|100%|HC|  |TAMS 0x0000000080600000, 0x0000000080500000| Complete 
|   6|0x0000000080600000, 0x0000000080700000, 0x0000000080700000|100%| O|  |TAMS 0x0000000080700000, 0x0000000080600000| Untracked 
|   7|0x0000000080700000, 0x0000000080800000, 0x0000000080800000|100%| O|  |TAMS 0x0000000080800000, 0x0000000080700000| Untracked 
|   8|0x0000000080800000, 0x0000000080900000, 0x0000000080900000|100%| O|  |TAMS 0x0000000080900000, 0x0000000080800000| Untracked 
|   9|0x0000000080900000, 0x0000000080a00000, 0x0000000080a00000|100%| O|  |TAMS 0x0000000080938800, 0x0000000080900000| Untracked 
|  10|0x0000000080a00000, 0x0000000080b00000, 0x0000000080b00000|100%| O|  |TAMS 0x0000000080a00000, 0x0000000080a00000| Untracked 
|  11|0x0000000080b00000, 0x0000000080c00000, 0x0000000080c00000|100%| O|  |TAMS 0x0000000080b00000, 0x0000000080b00000| Untracked 
|  12|0x0000000080c00000, 0x0000000080d00000, 0x0000000080d00000|100%| O|  |TAMS 0x0000000080c00000, 0x0000000080c00000| Untracked 
|  13|0x0000000080d00000, 0x0000000080e00000, 0x0000000080e00000|100%| O|  |TAMS 0x0000000080d00000, 0x0000000080d00000| Untracked 
|  14|0x0000000080e00000, 0x0000000080f00000, 0x0000000080f00000|100%| O|  |TAMS 0x0000000080e00000, 0x0000000080e00000| Untracked 
|  15|0x0000000080f00000, 0x0000000081000000, 0x0000000081000000|100%| O|  |TAMS 0x0000000080f00000, 0x0000000080f00000| Untracked 
|  16|0x0000000081000000, 0x000000008107de00, 0x0000000081100000| 49%| O|  |TAMS 0x0000000081000000, 0x0000000081000000| Untracked 
|  17|0x0000000081100000, 0x0000000081100000, 0x0000000081200000|  0%| F|  |TAMS 0x0000000081100000, 0x0000000081100000| Untracked 
|  18|0x0000000081200000, 0x0000000081200000, 0x0000000081300000|  0%| F|  |TAMS 0x0000000081200000, 0x0000000081200000| Untracked 
|  19|0x0000000081300000, 0x0000000081300000, 0x0000000081400000|  0%| F|  |TAMS 0x0000000081300000, 0x0000000081300000| Untracked 
|  20|0x0000000081400000, 0x0000000081400000, 0x0000000081500000|  0%| F|  |TAMS 0x0000000081400000, 0x0000000081400000| Untracked 
|  21|0x0000000081500000, 0x0000000081500000, 0x0000000081600000|  0%| F|  |TAMS 0x0000000081500000, 0x0000000081500000| Untracked 
|  22|0x0000000081600000, 0x0000000081600000, 0x0000000081700000|  0%| F|  |TAMS 0x0000000081600000, 0x0000000081600000| Untracked 
|  23|0x0000000081700000, 0x0000000081700000, 0x0000000081800000|  0%| F|  |TAMS 0x0000000081700000, 0x0000000081700000| Untracked 
|  24|0x0000000081800000, 0x0000000081800000, 0x0000000081900000|  0%| F|  |TAMS 0x0000000081800000, 0x0000000081800000| Untracked 
|  25|0x0000000081900000, 0x0000000081900000, 0x0000000081a00000|  0%| F|  |TAMS 0x0000000081900000, 0x0000000081900000| Untracked 
|  26|0x0000000081a00000, 0x0000000081a00000, 0x0000000081b00000|  0%| F|  |TAMS 0x0000000081a00000, 0x0000000081a00000| Untracked 
|  27|0x0000000081b00000, 0x0000000081b00000, 0x0000000081c00000|  0%| F|  |TAMS 0x0000000081b00000, 0x0000000081b00000| Untracked 
|  28|0x0000000081c00000, 0x0000000081c00000, 0x0000000081d00000|  0%| F|  |TAMS 0x0000000081c00000, 0x0000000081c00000| Untracked 
|  29|0x0000000081d00000, 0x0000000081d00000, 0x0000000081e00000|  0%| F|  |TAMS 0x0000000081d00000, 0x0000000081d00000| Untracked 
|  30|0x0000000081e00000, 0x0000000081e00000, 0x0000000081f00000|  0%| F|  |TAMS 0x0000000081e00000, 0x0000000081e00000| Untracked 
|  31|0x0000000081f00000, 0x0000000081f00000, 0x0000000082000000|  0%| F|  |TAMS 0x0000000081f00000, 0x0000000081f00000| Untracked 
|  32|0x0000000082000000, 0x0000000082000000, 0x0000000082100000|  0%| F|  |TAMS 0x0000000082000000, 0x0000000082000000| Untracked 
|  33|0x0000000082100000, 0x0000000082100000, 0x0000000082200000|  0%| F|  |TAMS 0x0000000082100000, 0x0000000082100000| Untracked 
|  34|0x0000000082200000, 0x0000000082200000, 0x0000000082300000|  0%| F|  |TAMS 0x0000000082200000, 0x0000000082200000| Untracked 
|  35|0x0000000082300000, 0x0000000082300000, 0x0000000082400000|  0%| F|  |TAMS 0x0000000082300000, 0x0000000082300000| Untracked 
|  36|0x0000000082400000, 0x0000000082400000, 0x0000000082500000|  0%| F|  |TAMS 0x0000000082400000, 0x0000000082400000| Untracked 
|  37|0x0000000082500000, 0x0000000082500000, 0x0000000082600000|  0%| F|  |TAMS 0x0000000082500000, 0x0000000082500000| Untracked 
|  38|0x0000000082600000, 0x0000000082600000, 0x0000000082700000|  0%| F|  |TAMS 0x0000000082600000, 0x0000000082600000| Untracked 
|  39|0x0000000082700000, 0x0000000082700000, 0x0000000082800000|  0%| F|  |TAMS 0x0000000082700000, 0x0000000082700000| Untracked 
|  40|0x0000000082800000, 0x0000000082800000, 0x0000000082900000|  0%| F|  |TAMS 0x0000000082800000, 0x0000000082800000| Untracked 
|  41|0x0000000082900000, 0x0000000082900000, 0x0000000082a00000|  0%| F|  |TAMS 0x0000000082900000, 0x0000000082900000| Untracked 
|  42|0x0000000082a00000, 0x0000000082a00000, 0x0000000082b00000|  0%| F|  |TAMS 0x0000000082a00000, 0x0000000082a00000| Untracked 
|  43|0x0000000082b00000, 0x0000000082b00000, 0x0000000082c00000|  0%| F|  |TAMS 0x0000000082b00000, 0x0000000082b00000| Untracked 
|  44|0x0000000082c00000, 0x0000000082c00000, 0x0000000082d00000|  0%| F|  |TAMS 0x0000000082c00000, 0x0000000082c00000| Untracked 
|  45|0x0000000082d00000, 0x0000000082d00000, 0x0000000082e00000|  0%| F|  |TAMS 0x0000000082d00000, 0x0000000082d00000| Untracked 
|  46|0x0000000082e00000, 0x0000000082e00000, 0x0000000082f00000|  0%| F|  |TAMS 0x0000000082e00000, 0x0000000082e00000| Untracked 
|  47|0x0000000082f00000, 0x0000000082f00000, 0x0000000083000000|  0%| F|  |TAMS 0x0000000082f00000, 0x0000000082f00000| Untracked 
|  48|0x0000000083000000, 0x0000000083000000, 0x0000000083100000|  0%| F|  |TAMS 0x0000000083000000, 0x0000000083000000| Untracked 
|  49|0x0000000083100000, 0x0000000083100000, 0x0000000083200000|  0%| F|  |TAMS 0x0000000083100000, 0x0000000083100000| Untracked 
|  50|0x0000000083200000, 0x0000000083200000, 0x0000000083300000|  0%| F|  |TAMS 0x0000000083200000, 0x0000000083200000| Untracked 
|  51|0x0000000083300000, 0x0000000083300000, 0x0000000083400000|  0%| F|  |TAMS 0x0000000083300000, 0x0000000083300000| Untracked 
|  52|0x0000000083400000, 0x0000000083400000, 0x0000000083500000|  0%| F|  |TAMS 0x0000000083400000, 0x0000000083400000| Untracked 
|  53|0x0000000083500000, 0x0000000083500000, 0x0000000083600000|  0%| F|  |TAMS 0x0000000083500000, 0x0000000083500000| Untracked 
|  54|0x0000000083600000, 0x0000000083600000, 0x0000000083700000|  0%| F|  |TAMS 0x0000000083600000, 0x0000000083600000| Untracked 
|  55|0x0000000083700000, 0x0000000083700000, 0x0000000083800000|  0%| F|  |TAMS 0x0000000083700000, 0x0000000083700000| Untracked 
|  56|0x0000000083800000, 0x0000000083800000, 0x0000000083900000|  0%| F|  |TAMS 0x0000000083800000, 0x0000000083800000| Untracked 
|  57|0x0000000083900000, 0x0000000083900000, 0x0000000083a00000|  0%| F|  |TAMS 0x0000000083900000, 0x0000000083900000| Untracked 
|  58|0x0000000083a00000, 0x0000000083a00000, 0x0000000083b00000|  0%| F|  |TAMS 0x0000000083a00000, 0x0000000083a00000| Untracked 
|  59|0x0000000083b00000, 0x0000000083b00000, 0x0000000083c00000|  0%| F|  |TAMS 0x0000000083b00000, 0x0000000083b00000| Untracked 
|  60|0x0000000083c00000, 0x0000000083c00000, 0x0000000083d00000|  0%| F|  |TAMS 0x0000000083c00000, 0x0000000083c00000| Untracked 
|  61|0x0000000083d00000, 0x0000000083d00000, 0x0000000083e00000|  0%| F|  |TAMS 0x0000000083d00000, 0x0000000083d00000| Untracked 
|  62|0x0000000083e00000, 0x0000000083e00000, 0x0000000083f00000|  0%| F|  |TAMS 0x0000000083e00000, 0x0000000083e00000| Untracked 
|  63|0x0000000083f00000, 0x0000000083f00000, 0x0000000084000000|  0%| F|  |TAMS 0x0000000083f00000, 0x0000000083f00000| Untracked 
|  64|0x0000000084000000, 0x0000000084000000, 0x0000000084100000|  0%| F|  |TAMS 0x0000000084000000, 0x0000000084000000| Untracked 
|  65|0x0000000084100000, 0x0000000084100000, 0x0000000084200000|  0%| F|  |TAMS 0x0000000084100000, 0x0000000084100000| Untracked 
|  66|0x0000000084200000, 0x0000000084200000, 0x0000000084300000|  0%| F|  |TAMS 0x0000000084200000, 0x0000000084200000| Untracked 
|  67|0x0000000084300000, 0x0000000084300000, 0x0000000084400000|  0%| F|  |TAMS 0x0000000084300000, 0x0000000084300000| Untracked 
|  68|0x0000000084400000, 0x0000000084400000, 0x0000000084500000|  0%| F|  |TAMS 0x0000000084400000, 0x0000000084400000| Untracked 
|  69|0x0000000084500000, 0x0000000084500000, 0x0000000084600000|  0%| F|  |TAMS 0x0000000084500000, 0x0000000084500000| Untracked 
|  70|0x0000000084600000, 0x0000000084600000, 0x0000000084700000|  0%| F|  |TAMS 0x0000000084600000, 0x0000000084600000| Untracked 
|  71|0x0000000084700000, 0x0000000084700000, 0x0000000084800000|  0%| F|  |TAMS 0x0000000084700000, 0x0000000084700000| Untracked 
|  72|0x0000000084800000, 0x0000000084800000, 0x0000000084900000|  0%| F|  |TAMS 0x0000000084800000, 0x0000000084800000| Untracked 
|  73|0x0000000084900000, 0x0000000084900000, 0x0000000084a00000|  0%| F|  |TAMS 0x0000000084900000, 0x0000000084900000| Untracked 
|  74|0x0000000084a00000, 0x0000000084a00000, 0x0000000084b00000|  0%| F|  |TAMS 0x0000000084a00000, 0x0000000084a00000| Untracked 
|  75|0x0000000084b00000, 0x0000000084b00000, 0x0000000084c00000|  0%| F|  |TAMS 0x0000000084b00000, 0x0000000084b00000| Untracked 
|  76|0x0000000084c00000, 0x0000000084c00000, 0x0000000084d00000|  0%| F|  |TAMS 0x0000000084c00000, 0x0000000084c00000| Untracked 
|  77|0x0000000084d00000, 0x0000000084d00000, 0x0000000084e00000|  0%| F|  |TAMS 0x0000000084d00000, 0x0000000084d00000| Untracked 
|  78|0x0000000084e00000, 0x0000000084e00000, 0x0000000084f00000|  0%| F|  |TAMS 0x0000000084e00000, 0x0000000084e00000| Untracked 
|  79|0x0000000084f00000, 0x0000000084f00000, 0x0000000085000000|  0%| F|  |TAMS 0x0000000084f00000, 0x0000000084f00000| Untracked 
|  80|0x0000000085000000, 0x0000000085000000, 0x0000000085100000|  0%| F|  |TAMS 0x0000000085000000, 0x0000000085000000| Untracked 
|  81|0x0000000085100000, 0x0000000085100000, 0x0000000085200000|  0%| F|  |TAMS 0x0000000085100000, 0x0000000085100000| Untracked 
|  82|0x0000000085200000, 0x0000000085200000, 0x0000000085300000|  0%| F|  |TAMS 0x0000000085200000, 0x0000000085200000| Untracked 
|  83|0x0000000085300000, 0x0000000085300000, 0x0000000085400000|  0%| F|  |TAMS 0x0000000085300000, 0x0000000085300000| Untracked 
|  84|0x0000000085400000, 0x0000000085400000, 0x0000000085500000|  0%| F|  |TAMS 0x0000000085400000, 0x0000000085400000| Untracked 
|  85|0x0000000085500000, 0x0000000085500000, 0x0000000085600000|  0%| F|  |TAMS 0x0000000085500000, 0x0000000085500000| Untracked 
|  86|0x0000000085600000, 0x0000000085600000, 0x0000000085700000|  0%| F|  |TAMS 0x0000000085600000, 0x0000000085600000| Untracked 
|  87|0x0000000085700000, 0x0000000085700000, 0x0000000085800000|  0%| F|  |TAMS 0x0000000085700000, 0x0000000085700000| Untracked 
|  88|0x0000000085800000, 0x0000000085800000, 0x0000000085900000|  0%| F|  |TAMS 0x0000000085800000, 0x0000000085800000| Untracked 
|  89|0x0000000085900000, 0x0000000085900000, 0x0000000085a00000|  0%| F|  |TAMS 0x0000000085900000, 0x0000000085900000| Untracked 
|  90|0x0000000085a00000, 0x0000000085a00000, 0x0000000085b00000|  0%| F|  |TAMS 0x0000000085a00000, 0x0000000085a00000| Untracked 
|  91|0x0000000085b00000, 0x0000000085b00000, 0x0000000085c00000|  0%| F|  |TAMS 0x0000000085b00000, 0x0000000085b00000| Untracked 
|  92|0x0000000085c00000, 0x0000000085c00000, 0x0000000085d00000|  0%| F|  |TAMS 0x0000000085c00000, 0x0000000085c00000| Untracked 
|  93|0x0000000085d00000, 0x0000000085d00000, 0x0000000085e00000|  0%| F|  |TAMS 0x0000000085d00000, 0x0000000085d00000| Untracked 
|  94|0x0000000085e00000, 0x0000000085e00000, 0x0000000085f00000|  0%| F|  |TAMS 0x0000000085e00000, 0x0000000085e00000| Untracked 
|  95|0x0000000085f00000, 0x0000000085f00000, 0x0000000086000000|  0%| F|  |TAMS 0x0000000085f00000, 0x0000000085f00000| Untracked 
|  96|0x0000000086000000, 0x0000000086000000, 0x0000000086100000|  0%| F|  |TAMS 0x0000000086000000, 0x0000000086000000| Untracked 
|  97|0x0000000086100000, 0x0000000086100000, 0x0000000086200000|  0%| F|  |TAMS 0x0000000086100000, 0x0000000086100000| Untracked 
|  98|0x0000000086200000, 0x0000000086200000, 0x0000000086300000|  0%| F|  |TAMS 0x0000000086200000, 0x0000000086200000| Untracked 
|  99|0x0000000086300000, 0x0000000086300000, 0x0000000086400000|  0%| F|  |TAMS 0x0000000086300000, 0x0000000086300000| Untracked 
| 100|0x0000000086400000, 0x0000000086400000, 0x0000000086500000|  0%| F|  |TAMS 0x0000000086400000, 0x0000000086400000| Untracked 
| 101|0x0000000086500000, 0x0000000086500000, 0x0000000086600000|  0%| F|  |TAMS 0x0000000086500000, 0x0000000086500000| Untracked 
| 102|0x0000000086600000, 0x0000000086600000, 0x0000000086700000|  0%| F|  |TAMS 0x0000000086600000, 0x0000000086600000| Untracked 
| 103|0x0000000086700000, 0x0000000086700000, 0x0000000086800000|  0%| F|  |TAMS 0x0000000086700000, 0x0000000086700000| Untracked 
| 104|0x0000000086800000, 0x0000000086800000, 0x0000000086900000|  0%| F|  |TAMS 0x0000000086800000, 0x0000000086800000| Untracked 
| 105|0x0000000086900000, 0x0000000086900000, 0x0000000086a00000|  0%| F|  |TAMS 0x0000000086900000, 0x0000000086900000| Untracked 
| 106|0x0000000086a00000, 0x0000000086a00000, 0x0000000086b00000|  0%| F|  |TAMS 0x0000000086a00000, 0x0000000086a00000| Untracked 
| 107|0x0000000086b00000, 0x0000000086b00000, 0x0000000086c00000|  0%| F|  |TAMS 0x0000000086b00000, 0x0000000086b00000| Untracked 
| 108|0x0000000086c00000, 0x0000000086c00000, 0x0000000086d00000|  0%| F|  |TAMS 0x0000000086c00000, 0x0000000086c00000| Untracked 
| 109|0x0000000086d00000, 0x0000000086d00000, 0x0000000086e00000|  0%| F|  |TAMS 0x0000000086d00000, 0x0000000086d00000| Untracked 
| 110|0x0000000086e00000, 0x0000000086e00000, 0x0000000086f00000|  0%| F|  |TAMS 0x0000000086e00000, 0x0000000086e00000| Untracked 
| 111|0x0000000086f00000, 0x0000000086f00000, 0x0000000087000000|  0%| F|  |TAMS 0x0000000086f00000, 0x0000000086f00000| Untracked 
| 112|0x0000000087000000, 0x0000000087000000, 0x0000000087100000|  0%| F|  |TAMS 0x0000000087000000, 0x0000000087000000| Untracked 
| 113|0x0000000087100000, 0x0000000087100000, 0x0000000087200000|  0%| F|  |TAMS 0x0000000087100000, 0x0000000087100000| Untracked 
| 114|0x0000000087200000, 0x0000000087200000, 0x0000000087300000|  0%| F|  |TAMS 0x0000000087200000, 0x0000000087200000| Untracked 
| 115|0x0000000087300000, 0x0000000087300000, 0x0000000087400000|  0%| F|  |TAMS 0x0000000087300000, 0x0000000087300000| Untracked 
| 116|0x0000000087400000, 0x0000000087400000, 0x0000000087500000|  0%| F|  |TAMS 0x0000000087400000, 0x0000000087400000| Untracked 
| 117|0x0000000087500000, 0x0000000087500000, 0x0000000087600000|  0%| F|  |TAMS 0x0000000087500000, 0x0000000087500000| Untracked 
| 118|0x0000000087600000, 0x0000000087600000, 0x0000000087700000|  0%| F|  |TAMS 0x0000000087600000, 0x0000000087600000| Untracked 
| 119|0x0000000087700000, 0x0000000087700000, 0x0000000087800000|  0%| F|  |TAMS 0x0000000087700000, 0x0000000087700000| Untracked 
| 120|0x0000000087800000, 0x0000000087800000, 0x0000000087900000|  0%| F|  |TAMS 0x0000000087800000, 0x0000000087800000| Untracked 
| 121|0x0000000087900000, 0x0000000087900000, 0x0000000087a00000|  0%| F|  |TAMS 0x0000000087900000, 0x0000000087900000| Untracked 
| 122|0x0000000087a00000, 0x0000000087a00000, 0x0000000087b00000|  0%| F|  |TAMS 0x0000000087a00000, 0x0000000087a00000| Untracked 
| 123|0x0000000087b00000, 0x0000000087b00000, 0x0000000087c00000|  0%| F|  |TAMS 0x0000000087b00000, 0x0000000087b00000| Untracked 
| 124|0x0000000087c00000, 0x0000000087c00000, 0x0000000087d00000|  0%| F|  |TAMS 0x0000000087c00000, 0x0000000087c00000| Untracked 
| 125|0x0000000087d00000, 0x0000000087d00000, 0x0000000087e00000|  0%| F|  |TAMS 0x0000000087d00000, 0x0000000087d00000| Untracked 
| 126|0x0000000087e00000, 0x0000000087e00000, 0x0000000087f00000|  0%| F|  |TAMS 0x0000000087e00000, 0x0000000087e00000| Untracked 
| 127|0x0000000087f00000, 0x0000000087f00000, 0x0000000088000000|  0%| F|  |TAMS 0x0000000087f00000, 0x0000000087f00000| Untracked 
| 128|0x0000000088000000, 0x0000000088000000, 0x0000000088100000|  0%| F|  |TAMS 0x0000000088000000, 0x0000000088000000| Untracked 
| 129|0x0000000088100000, 0x0000000088100000, 0x0000000088200000|  0%| F|  |TAMS 0x0000000088100000, 0x0000000088100000| Untracked 
| 130|0x0000000088200000, 0x0000000088200000, 0x0000000088300000|  0%| F|  |TAMS 0x0000000088200000, 0x0000000088200000| Untracked 
| 131|0x0000000088300000, 0x0000000088300000, 0x0000000088400000|  0%| F|  |TAMS 0x0000000088300000, 0x0000000088300000| Untracked 
| 132|0x0000000088400000, 0x0000000088400000, 0x0000000088500000|  0%| F|  |TAMS 0x0000000088400000, 0x0000000088400000| Untracked 
| 133|0x0000000088500000, 0x0000000088500000, 0x0000000088600000|  0%| F|  |TAMS 0x0000000088500000, 0x0000000088500000| Untracked 
| 134|0x0000000088600000, 0x0000000088600000, 0x0000000088700000|  0%| F|  |TAMS 0x0000000088600000, 0x0000000088600000| Untracked 
| 135|0x0000000088700000, 0x0000000088700000, 0x0000000088800000|  0%| F|  |TAMS 0x0000000088700000, 0x0000000088700000| Untracked 
| 136|0x0000000088800000, 0x0000000088800000, 0x0000000088900000|  0%| F|  |TAMS 0x0000000088800000, 0x0000000088800000| Untracked 
| 137|0x0000000088900000, 0x0000000088900000, 0x0000000088a00000|  0%| F|  |TAMS 0x0000000088900000, 0x0000000088900000| Untracked 
| 138|0x0000000088a00000, 0x0000000088a00000, 0x0000000088b00000|  0%| F|  |TAMS 0x0000000088a00000, 0x0000000088a00000| Untracked 
| 139|0x0000000088b00000, 0x0000000088b00000, 0x0000000088c00000|  0%| F|  |TAMS 0x0000000088b00000, 0x0000000088b00000| Untracked 
| 140|0x0000000088c00000, 0x0000000088c00000, 0x0000000088d00000|  0%| F|  |TAMS 0x0000000088c00000, 0x0000000088c00000| Untracked 
| 141|0x0000000088d00000, 0x0000000088d00000, 0x0000000088e00000|  0%| F|  |TAMS 0x0000000088d00000, 0x0000000088d00000| Untracked 
| 142|0x0000000088e00000, 0x0000000088e00000, 0x0000000088f00000|  0%| F|  |TAMS 0x0000000088e00000, 0x0000000088e00000| Untracked 
| 143|0x0000000088f00000, 0x0000000088f00000, 0x0000000089000000|  0%| F|  |TAMS 0x0000000088f00000, 0x0000000088f00000| Untracked 
| 144|0x0000000089000000, 0x0000000089000000, 0x0000000089100000|  0%| F|  |TAMS 0x0000000089000000, 0x0000000089000000| Untracked 
| 145|0x0000000089100000, 0x0000000089100000, 0x0000000089200000|  0%| F|  |TAMS 0x0000000089100000, 0x0000000089100000| Untracked 
| 146|0x0000000089200000, 0x0000000089200000, 0x0000000089300000|  0%| F|  |TAMS 0x0000000089200000, 0x0000000089200000| Untracked 
| 147|0x0000000089300000, 0x0000000089300000, 0x0000000089400000|  0%| F|  |TAMS 0x0000000089300000, 0x0000000089300000| Untracked 
| 148|0x0000000089400000, 0x0000000089400000, 0x0000000089500000|  0%| F|  |TAMS 0x0000000089400000, 0x0000000089400000| Untracked 
| 149|0x0000000089500000, 0x0000000089500000, 0x0000000089600000|  0%| F|  |TAMS 0x0000000089500000, 0x0000000089500000| Untracked 
| 150|0x0000000089600000, 0x0000000089600000, 0x0000000089700000|  0%| F|  |TAMS 0x0000000089600000, 0x0000000089600000| Untracked 
| 151|0x0000000089700000, 0x0000000089700000, 0x0000000089800000|  0%| F|  |TAMS 0x0000000089700000, 0x0000000089700000| Untracked 
| 152|0x0000000089800000, 0x0000000089800000, 0x0000000089900000|  0%| F|  |TAMS 0x0000000089800000, 0x0000000089800000| Untracked 
| 153|0x0000000089900000, 0x0000000089900000, 0x0000000089a00000|  0%| F|  |TAMS 0x0000000089900000, 0x0000000089900000| Untracked 
| 154|0x0000000089a00000, 0x0000000089a00000, 0x0000000089b00000|  0%| F|  |TAMS 0x0000000089a00000, 0x0000000089a00000| Untracked 
| 155|0x0000000089b00000, 0x0000000089b00000, 0x0000000089c00000|  0%| F|  |TAMS 0x0000000089b00000, 0x0000000089b00000| Untracked 
| 156|0x0000000089c00000, 0x0000000089c00000, 0x0000000089d00000|  0%| F|  |TAMS 0x0000000089c00000, 0x0000000089c00000| Untracked 
| 157|0x0000000089d00000, 0x0000000089d00000, 0x0000000089e00000|  0%| F|  |TAMS 0x0000000089d00000, 0x0000000089d00000| Untracked 
| 158|0x0000000089e00000, 0x0000000089e00000, 0x0000000089f00000|  0%| F|  |TAMS 0x0000000089e00000, 0x0000000089e00000| Untracked 
| 159|0x0000000089f00000, 0x0000000089f00000, 0x000000008a000000|  0%| F|  |TAMS 0x0000000089f00000, 0x0000000089f00000| Untracked 
| 160|0x000000008a000000, 0x000000008a000000, 0x000000008a100000|  0%| F|  |TAMS 0x000000008a000000, 0x000000008a000000| Untracked 
| 161|0x000000008a100000, 0x000000008a100000, 0x000000008a200000|  0%| F|  |TAMS 0x000000008a100000, 0x000000008a100000| Untracked 
| 162|0x000000008a200000, 0x000000008a200000, 0x000000008a300000|  0%| F|  |TAMS 0x000000008a200000, 0x000000008a200000| Untracked 
| 163|0x000000008a300000, 0x000000008a300000, 0x000000008a400000|  0%| F|  |TAMS 0x000000008a300000, 0x000000008a300000| Untracked 
| 164|0x000000008a400000, 0x000000008a400000, 0x000000008a500000|  0%| F|  |TAMS 0x000000008a400000, 0x000000008a400000| Untracked 
| 165|0x000000008a500000, 0x000000008a500000, 0x000000008a600000|  0%| F|  |TAMS 0x000000008a500000, 0x000000008a500000| Untracked 
| 166|0x000000008a600000, 0x000000008a600000, 0x000000008a700000|  0%| F|  |TAMS 0x000000008a600000, 0x000000008a600000| Untracked 
| 167|0x000000008a700000, 0x000000008a700000, 0x000000008a800000|  0%| F|  |TAMS 0x000000008a700000, 0x000000008a700000| Untracked 
| 168|0x000000008a800000, 0x000000008a800000, 0x000000008a900000|  0%| F|  |TAMS 0x000000008a800000, 0x000000008a800000| Untracked 
| 169|0x000000008a900000, 0x000000008a900000, 0x000000008aa00000|  0%| F|  |TAMS 0x000000008a900000, 0x000000008a900000| Untracked 
| 170|0x000000008aa00000, 0x000000008aa00000, 0x000000008ab00000|  0%| F|  |TAMS 0x000000008aa00000, 0x000000008aa00000| Untracked 
| 171|0x000000008ab00000, 0x000000008ab00000, 0x000000008ac00000|  0%| F|  |TAMS 0x000000008ab00000, 0x000000008ab00000| Untracked 
| 172|0x000000008ac00000, 0x000000008ac00000, 0x000000008ad00000|  0%| F|  |TAMS 0x000000008ac00000, 0x000000008ac00000| Untracked 
| 173|0x000000008ad00000, 0x000000008ad00000, 0x000000008ae00000|  0%| F|  |TAMS 0x000000008ad00000, 0x000000008ad00000| Untracked 
| 174|0x000000008ae00000, 0x000000008ae00000, 0x000000008af00000|  0%| F|  |TAMS 0x000000008ae00000, 0x000000008ae00000| Untracked 
| 175|0x000000008af00000, 0x000000008af00000, 0x000000008b000000|  0%| F|  |TAMS 0x000000008af00000, 0x000000008af00000| Untracked 
| 176|0x000000008b000000, 0x000000008b000000, 0x000000008b100000|  0%| F|  |TAMS 0x000000008b000000, 0x000000008b000000| Untracked 
| 177|0x000000008b100000, 0x000000008b100000, 0x000000008b200000|  0%| F|  |TAMS 0x000000008b100000, 0x000000008b100000| Untracked 
| 178|0x000000008b200000, 0x000000008b200000, 0x000000008b300000|  0%| F|  |TAMS 0x000000008b200000, 0x000000008b200000| Untracked 
| 179|0x000000008b300000, 0x000000008b300000, 0x000000008b400000|  0%| F|  |TAMS 0x000000008b300000, 0x000000008b300000| Untracked 
| 180|0x000000008b400000, 0x000000008b400000, 0x000000008b500000|  0%| F|  |TAMS 0x000000008b400000, 0x000000008b400000| Untracked 
| 181|0x000000008b500000, 0x000000008b500000, 0x000000008b600000|  0%| F|  |TAMS 0x000000008b500000, 0x000000008b500000| Untracked 
| 182|0x000000008b600000, 0x000000008b600000, 0x000000008b700000|  0%| F|  |TAMS 0x000000008b600000, 0x000000008b600000| Untracked 
| 183|0x000000008b700000, 0x000000008b700000, 0x000000008b800000|  0%| F|  |TAMS 0x000000008b700000, 0x000000008b700000| Untracked 
| 184|0x000000008b800000, 0x000000008b800000, 0x000000008b900000|  0%| F|  |TAMS 0x000000008b800000, 0x000000008b800000| Untracked 
| 185|0x000000008b900000, 0x000000008b900000, 0x000000008ba00000|  0%| F|  |TAMS 0x000000008b900000, 0x000000008b900000| Untracked 
| 186|0x000000008ba00000, 0x000000008ba00000, 0x000000008bb00000|  0%| F|  |TAMS 0x000000008ba00000, 0x000000008ba00000| Untracked 
| 187|0x000000008bb00000, 0x000000008bb00000, 0x000000008bc00000|  0%| F|  |TAMS 0x000000008bb00000, 0x000000008bb00000| Untracked 
| 188|0x000000008bc00000, 0x000000008bc00000, 0x000000008bd00000|  0%| F|  |TAMS 0x000000008bc00000, 0x000000008bc00000| Untracked 
| 189|0x000000008bd00000, 0x000000008bd00000, 0x000000008be00000|  0%| F|  |TAMS 0x000000008bd00000, 0x000000008bd00000| Untracked 
| 190|0x000000008be00000, 0x000000008be00000, 0x000000008bf00000|  0%| F|  |TAMS 0x000000008be00000, 0x000000008be00000| Untracked 
| 191|0x000000008bf00000, 0x000000008bf00000, 0x000000008c000000|  0%| F|  |TAMS 0x000000008bf00000, 0x000000008bf00000| Untracked 
| 192|0x000000008c000000, 0x000000008c000000, 0x000000008c100000|  0%| F|  |TAMS 0x000000008c000000, 0x000000008c000000| Untracked 
| 193|0x000000008c100000, 0x000000008c100000, 0x000000008c200000|  0%| F|  |TAMS 0x000000008c100000, 0x000000008c100000| Untracked 
| 194|0x000000008c200000, 0x000000008c200000, 0x000000008c300000|  0%| F|  |TAMS 0x000000008c200000, 0x000000008c200000| Untracked 
| 195|0x000000008c300000, 0x000000008c300000, 0x000000008c400000|  0%| F|  |TAMS 0x000000008c300000, 0x000000008c300000| Untracked 
| 196|0x000000008c400000, 0x000000008c400000, 0x000000008c500000|  0%| F|  |TAMS 0x000000008c400000, 0x000000008c400000| Untracked 
| 197|0x000000008c500000, 0x000000008c500000, 0x000000008c600000|  0%| F|  |TAMS 0x000000008c500000, 0x000000008c500000| Untracked 
| 198|0x000000008c600000, 0x000000008c600000, 0x000000008c700000|  0%| F|  |TAMS 0x000000008c600000, 0x000000008c600000| Untracked 
| 199|0x000000008c700000, 0x000000008c700000, 0x000000008c800000|  0%| F|  |TAMS 0x000000008c700000, 0x000000008c700000| Untracked 
| 200|0x000000008c800000, 0x000000008c800000, 0x000000008c900000|  0%| F|  |TAMS 0x000000008c800000, 0x000000008c800000| Untracked 
| 201|0x000000008c900000, 0x000000008c900000, 0x000000008ca00000|  0%| F|  |TAMS 0x000000008c900000, 0x000000008c900000| Untracked 
| 202|0x000000008ca00000, 0x000000008ca00000, 0x000000008cb00000|  0%| F|  |TAMS 0x000000008ca00000, 0x000000008ca00000| Untracked 
| 203|0x000000008cb00000, 0x000000008cb00000, 0x000000008cc00000|  0%| F|  |TAMS 0x000000008cb00000, 0x000000008cb00000| Untracked 
| 204|0x000000008cc00000, 0x000000008cc00000, 0x000000008cd00000|  0%| F|  |TAMS 0x000000008cc00000, 0x000000008cc00000| Untracked 
| 205|0x000000008cd00000, 0x000000008cd00000, 0x000000008ce00000|  0%| F|  |TAMS 0x000000008cd00000, 0x000000008cd00000| Untracked 
| 206|0x000000008ce00000, 0x000000008ce00000, 0x000000008cf00000|  0%| F|  |TAMS 0x000000008ce00000, 0x000000008ce00000| Untracked 
| 207|0x000000008cf00000, 0x000000008cf00000, 0x000000008d000000|  0%| F|  |TAMS 0x000000008cf00000, 0x000000008cf00000| Untracked 
| 208|0x000000008d000000, 0x000000008d000000, 0x000000008d100000|  0%| F|  |TAMS 0x000000008d000000, 0x000000008d000000| Untracked 
| 209|0x000000008d100000, 0x000000008d100000, 0x000000008d200000|  0%| F|  |TAMS 0x000000008d100000, 0x000000008d100000| Untracked 
| 210|0x000000008d200000, 0x000000008d200000, 0x000000008d300000|  0%| F|  |TAMS 0x000000008d200000, 0x000000008d200000| Untracked 
| 211|0x000000008d300000, 0x000000008d300000, 0x000000008d400000|  0%| F|  |TAMS 0x000000008d300000, 0x000000008d300000| Untracked 
| 212|0x000000008d400000, 0x000000008d400000, 0x000000008d500000|  0%| F|  |TAMS 0x000000008d400000, 0x000000008d400000| Untracked 
| 213|0x000000008d500000, 0x000000008d500000, 0x000000008d600000|  0%| F|  |TAMS 0x000000008d500000, 0x000000008d500000| Untracked 
| 214|0x000000008d600000, 0x000000008d600000, 0x000000008d700000|  0%| F|  |TAMS 0x000000008d600000, 0x000000008d600000| Untracked 
| 215|0x000000008d700000, 0x000000008d700000, 0x000000008d800000|  0%| F|  |TAMS 0x000000008d700000, 0x000000008d700000| Untracked 
| 216|0x000000008d800000, 0x000000008d800000, 0x000000008d900000|  0%| F|  |TAMS 0x000000008d800000, 0x000000008d800000| Untracked 
| 217|0x000000008d900000, 0x000000008d900000, 0x000000008da00000|  0%| F|  |TAMS 0x000000008d900000, 0x000000008d900000| Untracked 
| 218|0x000000008da00000, 0x000000008da00000, 0x000000008db00000|  0%| F|  |TAMS 0x000000008da00000, 0x000000008da00000| Untracked 
| 219|0x000000008db00000, 0x000000008db00000, 0x000000008dc00000|  0%| F|  |TAMS 0x000000008db00000, 0x000000008db00000| Untracked 
| 220|0x000000008dc00000, 0x000000008dc00000, 0x000000008dd00000|  0%| F|  |TAMS 0x000000008dc00000, 0x000000008dc00000| Untracked 
| 221|0x000000008dd00000, 0x000000008dd80800, 0x000000008de00000| 50%| E|  |TAMS 0x000000008dd00000, 0x000000008dd00000| Complete 
| 222|0x000000008de00000, 0x000000008df00000, 0x000000008df00000|100%| E|CS|TAMS 0x000000008de00000, 0x000000008de00000| Complete 
| 223|0x000000008df00000, 0x000000008e000000, 0x000000008e000000|100%| E|CS|TAMS 0x000000008df00000, 0x000000008df00000| Complete 
| 224|0x000000008e000000, 0x000000008e100000, 0x000000008e100000|100%| E|CS|TAMS 0x000000008e000000, 0x000000008e000000| Complete 
| 225|0x000000008e100000, 0x000000008e200000, 0x000000008e200000|100%| E|CS|TAMS 0x000000008e100000, 0x000000008e100000| Complete 
| 226|0x000000008e200000, 0x000000008e300000, 0x000000008e300000|100%| E|CS|TAMS 0x000000008e200000, 0x000000008e200000| Complete 
| 227|0x000000008e300000, 0x000000008e400000, 0x000000008e400000|100%| E|CS|TAMS 0x000000008e300000, 0x000000008e300000| Complete 
| 228|0x000000008e400000, 0x000000008e500000, 0x000000008e500000|100%| E|CS|TAMS 0x000000008e400000, 0x000000008e400000| Complete 
| 229|0x000000008e500000, 0x000000008e600000, 0x000000008e600000|100%| E|CS|TAMS 0x000000008e500000, 0x000000008e500000| Complete 
| 230|0x000000008e600000, 0x000000008e700000, 0x000000008e700000|100%| E|CS|TAMS 0x000000008e600000, 0x000000008e600000| Complete 
| 231|0x000000008e700000, 0x000000008e800000, 0x000000008e800000|100%| E|CS|TAMS 0x000000008e700000, 0x000000008e700000| Complete 
| 232|0x000000008e800000, 0x000000008e8c4020, 0x000000008e900000| 76%| S|CS|TAMS 0x000000008e800000, 0x000000008e800000| Complete 
| 233|0x000000008e900000, 0x000000008ea00000, 0x000000008ea00000|100%| E|CS|TAMS 0x000000008e900000, 0x000000008e900000| Complete 
| 234|0x000000008ea00000, 0x000000008eb00000, 0x000000008eb00000|100%| E|CS|TAMS 0x000000008ea00000, 0x000000008ea00000| Complete 
| 235|0x000000008eb00000, 0x000000008ec00000, 0x000000008ec00000|100%| E|CS|TAMS 0x000000008eb00000, 0x000000008eb00000| Complete 
| 236|0x000000008ec00000, 0x000000008ed00000, 0x000000008ed00000|100%| E|CS|TAMS 0x000000008ec00000, 0x000000008ec00000| Complete 
| 237|0x000000008ed00000, 0x000000008ee00000, 0x000000008ee00000|100%| E|CS|TAMS 0x000000008ed00000, 0x000000008ed00000| Complete 
| 238|0x000000008ee00000, 0x000000008ef00000, 0x000000008ef00000|100%| E|CS|TAMS 0x000000008ee00000, 0x000000008ee00000| Complete 
| 239|0x000000008ef00000, 0x000000008f000000, 0x000000008f000000|100%| E|CS|TAMS 0x000000008ef00000, 0x000000008ef00000| Complete 
| 240|0x000000008f000000, 0x000000008f100000, 0x000000008f100000|100%| E|CS|TAMS 0x000000008f000000, 0x000000008f000000| Complete 
| 241|0x000000008f100000, 0x000000008f200000, 0x000000008f200000|100%| E|CS|TAMS 0x000000008f100000, 0x000000008f100000| Complete 
| 242|0x000000008f200000, 0x000000008f300000, 0x000000008f300000|100%| E|CS|TAMS 0x000000008f200000, 0x000000008f200000| Complete 
| 243|0x000000008f300000, 0x000000008f400000, 0x000000008f400000|100%| E|CS|TAMS 0x000000008f300000, 0x000000008f300000| Complete 
| 244|0x000000008f400000, 0x000000008f500000, 0x000000008f500000|100%| E|CS|TAMS 0x000000008f400000, 0x000000008f400000| Complete 
| 245|0x000000008f500000, 0x000000008f600000, 0x000000008f600000|100%| E|CS|TAMS 0x000000008f500000, 0x000000008f500000| Complete 
| 246|0x000000008f600000, 0x000000008f700000, 0x000000008f700000|100%| E|CS|TAMS 0x000000008f600000, 0x000000008f600000| Complete 
| 247|0x000000008f700000, 0x000000008f800000, 0x000000008f800000|100%| E|CS|TAMS 0x000000008f700000, 0x000000008f700000| Complete 
| 248|0x000000008f800000, 0x000000008f900000, 0x000000008f900000|100%| E|CS|TAMS 0x000000008f800000, 0x000000008f800000| Complete 
| 249|0x000000008f900000, 0x000000008fa00000, 0x000000008fa00000|100%| E|CS|TAMS 0x000000008f900000, 0x000000008f900000| Complete 
| 250|0x000000008fa00000, 0x000000008fb00000, 0x000000008fb00000|100%| E|CS|TAMS 0x000000008fa00000, 0x000000008fa00000| Complete 
| 251|0x000000008fb00000, 0x000000008fc00000, 0x000000008fc00000|100%| E|CS|TAMS 0x000000008fb00000, 0x000000008fb00000| Complete 
| 252|0x000000008fc00000, 0x000000008fd00000, 0x000000008fd00000|100%| E|CS|TAMS 0x000000008fc00000, 0x000000008fc00000| Complete 
| 253|0x000000008fd00000, 0x000000008fe00000, 0x000000008fe00000|100%| E|CS|TAMS 0x000000008fd00000, 0x000000008fd00000| Complete 

Card table byte_map: [0x00000241516f0000,0x0000024151af0000] _byte_map_base: 0x00000241512f0000

Marking Bits (Prev, Next): (CMBitMap*) 0x000002413dfb0470, (CMBitMap*) 0x000002413dfb0438
 Prev Bits: [0x0000024153ef0000, 0x0000024155ef0000)
 Next Bits: [0x0000024151ef0000, 0x0000024153ef0000)

Polling page: 0x000002413bf10000

Metaspace:

Usage:
  Non-class:     22.66 MB capacity,    22.24 MB ( 98%) used,   381.25 KB (  2%) free+waste,    48.69 KB ( <1%) overhead. 
      Class:      3.53 MB capacity,     3.33 MB ( 94%) used,   187.29 KB (  5%) free+waste,    24.44 KB ( <1%) overhead. 
       Both:     26.20 MB capacity,    25.57 MB ( 98%) used,   568.54 KB (  2%) free+waste,    73.13 KB ( <1%) overhead. 

Virtual space:
  Non-class space:       24.00 MB reserved,      22.67 MB ( 94%) committed 
      Class space:        1.00 GB reserved,       3.63 MB ( <1%) committed 
             Both:        1.02 GB reserved,      26.30 MB (  3%) committed 

Chunk freelists:
   Non-Class:  9.00 KB
       Class:  31.00 KB
        Both:  40.00 KB

MaxMetaspaceSize: 17179869184.00 GB
CompressedClassSpaceSize: 1.00 GB

CodeHeap 'non-profiled nmethods': size=119168Kb used=1106Kb max_used=1106Kb free=118061Kb
 bounds [0x0000024149610000, 0x0000024149880000, 0x0000024150a70000]
CodeHeap 'profiled nmethods': size=119168Kb used=5390Kb max_used=5390Kb free=113777Kb
 bounds [0x00000241421b0000, 0x0000024142700000, 0x0000024149610000]
CodeHeap 'non-nmethods': size=7424Kb used=2853Kb max_used=2874Kb free=4570Kb
 bounds [0x0000024141a70000, 0x0000024141d50000, 0x00000241421b0000]
 total_blobs=2970 nmethods=2462 adapters=416
 compilation: enabled
              stopped_count=0, restarted_count=0
 full_count=0

Compilation events (20 events):
Event: 3.795 Thread 0x000002415978b800 2421       3       java.io.DataOutputStream::<init> (19 bytes)
Event: 3.796 Thread 0x000002415978b800 nmethod 2421 0x00000241426d2e10 code [0x00000241426d3000, 0x00000241426d34b8]
Event: 3.796 Thread 0x000002415c44f800 nmethod 2420 0x0000024149720490 code [0x0000024149720620, 0x00000241497206f8]
Event: 3.796 Thread 0x000002415c44f800 2422       4       java.lang.reflect.ProxyGenerator$ConstantPool::getUtf8 (18 bytes)
Event: 3.796 Thread 0x000002415c44f800 nmethod 2422 0x0000024149720810 code [0x00000241497209c0, 0x0000024149720a68]
Event: 3.797 Thread 0x0000024159afa000 2423       3       jdk.internal.loader.AbstractClassLoaderValue::<init> (5 bytes)
Event: 3.798 Thread 0x0000024159afa000 nmethod 2423 0x00000241426d3610 code [0x00000241426d37c0, 0x00000241426d3918]
Event: 3.798 Thread 0x000002415c44f800 2424       4       java.lang.reflect.ProxyGenerator$ConstantPool::getIndirect (63 bytes)
Event: 3.798 Thread 0x0000024159afa000 2425       3       jdk.internal.loader.AbstractClassLoaderValue::sub (10 bytes)
Event: 3.798 Thread 0x0000024158ea4800 2426       3       jdk.internal.loader.AbstractClassLoaderValue$Sub::<init> (15 bytes)
Event: 3.798 Thread 0x0000024158ea4800 nmethod 2426 0x00000241426d3a10 code [0x00000241426d3be0, 0x00000241426d3e58]
Event: 3.798 Thread 0x0000024159afa000 nmethod 2425 0x00000241426d3f10 code [0x00000241426d40e0, 0x00000241426d4418]
Event: 3.800 Thread 0x0000024159afa800 2427       3       jdk.internal.reflect.NativeMethodAccessorImpl::invoke (104 bytes)
Event: 3.801 Thread 0x0000024159afa800 nmethod 2427 0x00000241426d4590 code [0x00000241426d4840, 0x00000241426d5718]
Event: 3.811 Thread 0x000002415978b800 2429       3       java.lang.ClassLoader::getBuiltinPlatformClassLoader (4 bytes)
Event: 3.811 Thread 0x000002415978b800 nmethod 2429 0x00000241426d5c10 code [0x00000241426d5dc0, 0x00000241426d5ef8]
Event: 3.812 Thread 0x0000024158ea4800 2430       3       java.lang.ClassLoader::getPlatformClassLoader (21 bytes)
Event: 3.812 Thread 0x0000024158ea4800 nmethod 2430 0x00000241426d5f90 code [0x00000241426d61c0, 0x00000241426d6a38]
Event: 3.812 Thread 0x0000024159afa000 2431       3       jdk.internal.misc.VM::isSystemDomainLoader (17 bytes)
Event: 3.813 Thread 0x0000024159afa000 nmethod 2431 0x00000241426d6d10 code [0x00000241426d6f60, 0x00000241426d78d8]

GC Heap History (6 events):
Event: 0.844 GC heap before
{Heap before GC invocations=0 (full 0):
 garbage-first heap   total 260096K, used 29696K [0x0000000080000000, 0x0000000100000000)
  region size 1024K, 24 young (24576K), 0 survivors (0K)
 Metaspace       used 10192K, capacity 10451K, committed 10624K, reserved 1058816K
  class space    used 1060K, capacity 1106K, committed 1152K, reserved 1048576K
}
Event: 0.849 GC heap after
{Heap after GC invocations=1 (full 0):
 garbage-first heap   total 260096K, used 9442K [0x0000000080000000, 0x0000000100000000)
  region size 1024K, 3 young (3072K), 3 survivors (3072K)
 Metaspace       used 10192K, capacity 10451K, committed 10624K, reserved 1058816K
  class space    used 1060K, capacity 1106K, committed 1152K, reserved 1048576K
}
Event: 3.301 GC heap before
{Heap before GC invocations=1 (full 0):
 garbage-first heap   total 260096K, used 107746K [0x0000000080000000, 0x0000000100000000)
  region size 1024K, 100 young (102400K), 3 survivors (3072K)
 Metaspace       used 20769K, capacity 21161K, committed 21296K, reserved 1069056K
  class space    used 2529K, capacity 2659K, committed 2688K, reserved 1048576K
}
Event: 3.312 GC heap after
{Heap after GC invocations=2 (full 0):
 garbage-first heap   total 260096K, used 16935K [0x0000000080000000, 0x0000000100000000)
  region size 1024K, 11 young (11264K), 11 survivors (11264K)
 Metaspace       used 20769K, capacity 21161K, committed 21296K, reserved 1069056K
  class space    used 2529K, capacity 2659K, committed 2688K, reserved 1048576K
}
Event: 3.519 GC heap before
{Heap before GC invocations=3 (full 0):
 garbage-first heap   total 260096K, used 38439K [0x0000000080000000, 0x0000000100000000)
  region size 1024K, 32 young (32768K), 11 survivors (11264K)
 Metaspace       used 22667K, capacity 23261K, committed 23472K, reserved 1069056K
  class space    used 2876K, capacity 3046K, committed 3072K, reserved 1048576K
}
Event: 3.527 GC heap after
{Heap after GC invocations=4 (full 0):
 garbage-first heap   total 260096K, used 17671K [0x0000000080000000, 0x0000000100000000)
  region size 1024K, 1 young (1024K), 1 survivors (1024K)
 Metaspace       used 22667K, capacity 23261K, committed 23472K, reserved 1069056K
  class space    used 2876K, capacity 3046K, committed 3072K, reserved 1048576K
}

Deoptimization events (20 events):
Event: 3.287 Thread 0x000002415b0b9800 DEOPT PACKING pc=0x000002414968497c sp=0x000000c9733fb3e0
Event: 3.287 Thread 0x000002415b0b9800 DEOPT UNPACKING pc=0x0000024141a9662f sp=0x000000c9733fb3b8 mode 2
Event: 3.397 Thread 0x000002415b0b9800 Uncommon trap: trap_request=0xffffff4d fr.pc=0x00000241496e9b98 relative=0x0000000000000398
Event: 3.397 Thread 0x000002415b0b9800 Uncommon trap: reason=unstable_if action=reinterpret pc=0x00000241496e9b98 method=jdk.internal.org.objectweb.asm.Type.getArgumentsAndReturnSizes(Ljava/lang/String;)I @ 88 c2
Event: 3.397 Thread 0x000002415b0b9800 DEOPT PACKING pc=0x00000241496e9b98 sp=0x000000c9733f9960
Event: 3.397 Thread 0x000002415b0b9800 DEOPT UNPACKING pc=0x0000024141a9662f sp=0x000000c9733f98e8 mode 2
Event: 3.580 Thread 0x000002415b0b9800 Uncommon trap: trap_request=0xffffff4d fr.pc=0x00000241496bd940 relative=0x0000000000000280
Event: 3.580 Thread 0x000002415b0b9800 Uncommon trap: reason=unstable_if action=reinterpret pc=0x00000241496bd940 method=java.util.concurrent.ConcurrentHashMap.get(Ljava/lang/Object;)Ljava/lang/Object; @ 152 c2
Event: 3.580 Thread 0x000002415b0b9800 DEOPT PACKING pc=0x00000241496bd940 sp=0x000000c9733f9b20
Event: 3.580 Thread 0x000002415b0b9800 DEOPT UNPACKING pc=0x0000024141a9662f sp=0x000000c9733f9a88 mode 2
Event: 3.627 Thread 0x000002415b0b9800 DEOPT PACKING pc=0x00000241426550d5 sp=0x000000c9733fa640
Event: 3.627 Thread 0x000002415b0b9800 DEOPT UNPACKING pc=0x0000024141a96dde sp=0x000000c9733f9b60 mode 0
Event: 3.633 Thread 0x000002415b0b9800 DEOPT PACKING pc=0x00000241426550d5 sp=0x000000c9733fa640
Event: 3.633 Thread 0x000002415b0b9800 DEOPT UNPACKING pc=0x0000024141a96dde sp=0x000000c9733f9b60 mode 0
Event: 3.644 Thread 0x000002415b0b9800 DEOPT PACKING pc=0x00000241426550f6 sp=0x000000c9733fa4a0
Event: 3.644 Thread 0x000002415b0b9800 DEOPT UNPACKING pc=0x0000024141a96dde sp=0x000000c9733f99c0 mode 0
Event: 3.701 Thread 0x000002415b0b9800 Uncommon trap: trap_request=0xffffffcc fr.pc=0x0000024149713768 relative=0x00000000000002a8
Event: 3.701 Thread 0x000002415b0b9800 Uncommon trap: reason=intrinsic_or_type_checked_inlining action=make_not_entrant pc=0x0000024149713768 method=java.util.Arrays.copyOf([Ljava/lang/Object;ILjava/lang/Class;)[Ljava/lang/Object; @ 35 c2
Event: 3.701 Thread 0x000002415b0b9800 DEOPT PACKING pc=0x0000024149713768 sp=0x000000c9733fbba0
Event: 3.701 Thread 0x000002415b0b9800 DEOPT UNPACKING pc=0x0000024141a9662f sp=0x000000c9733fbb30 mode 2

Classes redefined (0 events):
No events

Internal exceptions (20 events):
Event: 2.770 Thread 0x000002413df6e800 Exception <a 'java/io/IOException'{0x000000008bec7ec0}> (0x000000008bec7ec0) thrown at [./src/hotspot/share/prims/jni.cpp, line 615]
Event: 2.936 Thread 0x000002415b0b9800 Exception <a 'java/lang/NoSuchMethodError'{0x000000008b8a2ac0}: 'void java.lang.invoke.DirectMethodHandle$Holder.invokeVirtual(java.lang.Object, java.lang.Object, java.lang.Object, java.lang.Object)'> (0x000000008b8a2ac0) thrown at [./src/hotspot/share/interpreter/linkResolver.cpp, line 773]
Event: 2.938 Thread 0x000002415b0b9800 Exception <a 'java/lang/NoSuchMethodError'{0x000000008b8b1c68}: 'void java.lang.invoke.DelegatingMethodHandle$Holder.reinvoke_L(java.lang.Object, java.lang.Object, java.lang.Object, java.lang.Object)'> (0x000000008b8b1c68) thrown at [./src/hotspot/share/interpreter/linkResolver.cpp, line 773]
Event: 2.942 Thread 0x000002415b0b9800 Exception <a 'java/lang/NoSuchMethodError'{0x000000008b8e2ad0}: 'long java.lang.invoke.DirectMethodHandle$Holder.invokeInterface(java.lang.Object, java.lang.Object)'> (0x000000008b8e2ad0) thrown at [./src/hotspot/share/interpreter/linkResolver.cpp, line 773]
Event: 2.945 Thread 0x000002415b0b9800 Exception <a 'java/lang/NoSuchMethodError'{0x000000008b706500}: 'void java.lang.invoke.DelegatingMethodHandle$Holder.reinvoke_L(java.lang.Object, java.lang.Object, java.lang.Object, java.lang.Object, java.lang.Object, java.lang.Object, java.lang.Object)'> (0x000000008b706500) thrown at [./src/hotspot/share/interpreter/linkResolver.cpp, line 773]
Event: 3.216 Thread 0x000002415b0b9800 Exception <a 'java/lang/NoSuchMethodError'{0x0000000089f97968}: 'void java.lang.invoke.DirectMethodHandle$Holder.invokeStaticInit(java.lang.Object)'> (0x0000000089f97968) thrown at [./src/hotspot/share/interpreter/linkResolver.cpp, line 773]
Event: 3.252 Thread 0x000002415b0b9800 Exception <a 'java/lang/NoSuchMethodError'{0x0000000089db8ad8}: 'java.lang.Object java.lang.invoke.DirectMethodHandle$Holder.invokeStatic(java.lang.Object, java.lang.Object, java.lang.Object, int)'> (0x0000000089db8ad8) thrown at [./src/hotspot/share/interpreter/linkResolver.cpp, line 773]
Event: 3.253 Thread 0x000002415b0b9800 Exception <a 'java/lang/NoSuchMethodError'{0x0000000089dbcf48}: 'java.lang.Object java.lang.invoke.DirectMethodHandle$Holder.invokeSpecial(java.lang.Object, java.lang.Object, java.lang.Object, java.lang.Object, int)'> (0x0000000089dbcf48) thrown at [./src/hotspot/share/interpreter/linkResolver.cpp, line 773]
Event: 3.253 Thread 0x000002415b0b9800 Exception <a 'java/lang/NoSuchMethodError'{0x0000000089dc0bd8}: 'java.lang.Object java.lang.invoke.Invokers$Holder.linkToTargetMethod(java.lang.Object, java.lang.Object, int, java.lang.Object)'> (0x0000000089dc0bd8) thrown at [./src/hotspot/share/interpreter/linkResolver.cpp, line 773]
Event: 3.346 Thread 0x000002415b0b9800 Exception <a 'java/lang/NoSuchMethodError'{0x000000008fb7aaf8}: 'int java.lang.invoke.DirectMethodHandle$Holder.invokeSpecialIFC(java.lang.Object, java.lang.Object, java.lang.Object, java.lang.Object)'> (0x000000008fb7aaf8) thrown at [./src/hotspot/share/interpreter/linkResolver.cpp, line 773]
Event: 3.348 Thread 0x000002415b0b9800 Exception <a 'java/lang/NoSuchMethodError'{0x000000008fb88ab0}: 'java.lang.Object java.lang.invoke.DirectMethodHandle$Holder.invokeInterface(java.lang.Object, java.lang.Object, java.lang.Object)'> (0x000000008fb88ab0) thrown at [./src/hotspot/share/interpreter/linkResolver.cpp, line 773]
Event: 3.348 Thread 0x000002415b0b9800 Exception <a 'java/lang/IncompatibleClassChangeError'{0x000000008fb8bf88}: Found class java.lang.Object, but interface was expected> (0x000000008fb8bf88) thrown at [./src/hotspot/share/interpreter/linkResolver.cpp, line 839]
Event: 3.373 Thread 0x000002415b0b9800 Exception <a 'java/lang/NoSuchMethodError'{0x000000008f989680}: 'void java.lang.invoke.DirectMethodHandle$Holder.invokeStatic(java.lang.Object, java.lang.Object, java.lang.Object, java.lang.Object, java.lang.Object)'> (0x000000008f989680) thrown at [./src/hotspot/share/interpreter/linkResolver.cpp, line 773]
Event: 3.451 Thread 0x000002415b0b9800 Exception <a 'java/lang/NoSuchMethodError'{0x000000008f25d8c8}: 'java.lang.Object java.lang.invoke.DirectMethodHandle$Holder.invokeSpecial(java.lang.Object, java.lang.Object, java.lang.Object, java.lang.Object, java.lang.Object, java.lang.Object, java.lang.Object, java.lang.Object, java.lang.Object)'> (0x000000008f25d8c8) thrown at [./src/hotspot/share/interpreter/linkResolver.cpp, line 773]
Event: 3.519 Thread 0x000002415b0b9800 Exception <a 'java/lang/NoSuchMethodError'{0x000000008e9fab00}: 'java.lang.Object java.lang.invoke.DirectMethodHandle$Holder.invokeVirtual(java.lang.Object, java.lang.Object, java.lang.Object, java.lang.Object)'> (0x000000008e9fab00) thrown at [./src/hotspot/share/interpreter/linkResolver.cpp, line 773]
Event: 3.606 Thread 0x000002415b0b9800 Exception <a 'java/lang/NoSuchMethodError'{0x000000008f659520}: 'void java.lang.invoke.DirectMethodHandle$Holder.invokeSpecial(java.lang.Object, java.lang.Object, java.lang.Object, java.lang.Object, java.lang.Object, java.lang.Object)'> (0x000000008f659520) thrown at [./src/hotspot/share/interpreter/linkResolver.cpp, line 773]
Event: 3.615 Thread 0x000002415b0b9800 Exception <a 'java/lang/NoSuchMethodError'{0x000000008f5391e0}: 'void java.lang.invoke.DirectMethodHandle$Holder.invokeSpecial(java.lang.Object, java.lang.Object, java.lang.Object, java.lang.Object, java.lang.Object, java.lang.Object, java.lang.Object)'> (0x000000008f5391e0) thrown at [./src/hotspot/share/interpreter/linkResolver.cpp, line 773]
Event: 3.615 Thread 0x000002415b0b9800 Exception <a 'java/lang/NoSuchMethodError'{0x000000008f5416d0}: 'java.lang.Object java.lang.invoke.Invokers$Holder.linkToTargetMethod(java.lang.Object, java.lang.Object, java.lang.Object, java.lang.Object, java.lang.Object, java.lang.Object)'> (0x000000008f5416d0) thrown at [./src/hotspot/share/interpreter/linkResolver.cpp, line 773]
Event: 3.699 Thread 0x000002415b0b9800 Exception <a 'java/lang/NoSuchMethodError'{0x000000008ecb88a0}: 'int java.lang.invoke.DirectMethodHandle$Holder.invokeStaticInit(java.lang.Object, java.lang.Object, java.lang.Object)'> (0x000000008ecb88a0) thrown at [./src/hotspot/share/interpreter/linkResolver.cpp, line 773]
Event: 3.771 Thread 0x000002415b0b9800 Exception <a 'java/lang/NoSuchMethodError'{0x000000008e5147b8}: 'void java.lang.invoke.DirectMethodHandle$Holder.invokeStaticInit(java.lang.Object, java.lang.Object)'> (0x000000008e5147b8) thrown at [./src/hotspot/share/interpreter/linkResolver.cpp, line 773]

Events (20 events):
Event: 3.814 loading class org/gradle/api/internal/tasks/CachingTaskDependencyResolveContext$TaskGraphImpl
Event: 3.814 loading class org/gradle/api/internal/tasks/CachingTaskDependencyResolveContext$TaskGraphImpl done
Event: 3.815 loading class org/gradle/internal/graph/CachingDirectedGraphWalker$GraphWithEmptyEdges
Event: 3.815 loading class org/gradle/internal/graph/CachingDirectedGraphWalker$GraphWithEmptyEdges done
Event: 3.815 loading class org/gradle/execution/plan/DefaultExecutionPlan
Event: 3.815 loading class org/gradle/execution/plan/DefaultExecutionPlan done
Event: 3.817 loading class org/gradle/api/CircularReferenceException
Event: 3.817 loading class org/gradle/api/CircularReferenceException done
Event: 3.817 loading class org/gradle/execution/plan/DefaultNodeValidator
Event: 3.817 loading class org/gradle/execution/plan/DefaultNodeValidator done
Event: 3.817 loading class org/gradle/execution/plan/DefaultExecutionPlan$NodeMapping
Event: 3.817 loading class org/gradle/execution/plan/DefaultExecutionPlan$NodeMapping done
Event: 3.818 loading class org/gradle/execution/plan/FailureCollector
Event: 3.818 loading class org/gradle/execution/plan/FailureCollector done
Event: 3.818 loading class org/gradle/api/specs/Specs
Event: 3.818 loading class org/gradle/api/specs/Specs done
Event: 3.818 loading class org/gradle/api/specs/Specs$1
Event: 3.818 loading class org/gradle/api/specs/Specs$1 done
Event: 3.818 loading class org/gradle/api/specs/Specs$2
Event: 3.818 loading class org/gradle/api/specs/Specs$2 done


Dynamic libraries:
0x00007ff7afeb0000 - 0x00007ff7afeba000 	D:\Android Studio\jre\bin\java.exe
0x00007ffc32ad0000 - 0x00007ffc32cc8000 	C:\Windows\SYSTEM32\ntdll.dll
0x00007ffc31490000 - 0x00007ffc3154f000 	C:\Windows\System32\KERNEL32.DLL
0x00007ffc30540000 - 0x00007ffc30836000 	C:\Windows\System32\KERNELBASE.dll
0x00007ffc309d0000 - 0x00007ffc30ad0000 	C:\Windows\System32\ucrtbase.dll
0x00007ffc29e10000 - 0x00007ffc29e27000 	D:\Android Studio\jre\bin\VCRUNTIME140.dll
0x00007ffc29da0000 - 0x00007ffc29db9000 	D:\Android Studio\jre\bin\jli.dll
0x00007ffc31ca0000 - 0x00007ffc31e3d000 	C:\Windows\System32\USER32.dll
0x00007ffc30ad0000 - 0x00007ffc30af2000 	C:\Windows\System32\win32u.dll
0x00007ffc31b60000 - 0x00007ffc31b8c000 	C:\Windows\System32\GDI32.dll
0x00007ffc1bbc0000 - 0x00007ffc1be5a000 	C:\Windows\WinSxS\amd64_microsoft.windows.common-controls_6595b64144ccf1df_6.0.19041.1110_none_60b5254171f9507e\COMCTL32.dll
0x00007ffc308b0000 - 0x00007ffc309c5000 	C:\Windows\System32\gdi32full.dll
0x00007ffc31ac0000 - 0x00007ffc31b5e000 	C:\Windows\System32\msvcrt.dll
0x00007ffc30290000 - 0x00007ffc3032d000 	C:\Windows\System32\msvcp_win.dll
0x00007ffc30cd0000 - 0x00007ffc30d00000 	C:\Windows\System32\IMM32.DLL
0x00007ffbfd020000 - 0x00007ffbfd0bd000 	D:\Android Studio\jre\bin\msvcp140.dll
0x00007ffbaac60000 - 0x00007ffbab735000 	D:\Android Studio\jre\bin\server\jvm.dll
0x00007ffc31bf0000 - 0x00007ffc31c9f000 	C:\Windows\System32\ADVAPI32.dll
0x00007ffc30f80000 - 0x00007ffc3101c000 	C:\Windows\System32\sechost.dll
0x00007ffc31e40000 - 0x00007ffc31f66000 	C:\Windows\System32\RPCRT4.dll
0x00007ffc30d10000 - 0x00007ffc30d18000 	C:\Windows\System32\PSAPI.DLL
0x00007ffc18e00000 - 0x00007ffc18e09000 	C:\Windows\SYSTEM32\WSOCK32.dll
0x00007ffc267c0000 - 0x00007ffc267ca000 	C:\Windows\SYSTEM32\VERSION.dll
0x00007ffc23fd0000 - 0x00007ffc23ff7000 	C:\Windows\SYSTEM32\WINMM.dll
0x00007ffc32120000 - 0x00007ffc3218b000 	C:\Windows\System32\WS2_32.dll
0x00007ffc2e9b0000 - 0x00007ffc2e9c2000 	C:\Windows\SYSTEM32\kernel.appcore.dll
0x00007ffc2bba0000 - 0x00007ffc2bbb1000 	D:\Android Studio\jre\bin\verify.dll
0x00007ffc2e7a0000 - 0x00007ffc2e984000 	C:\Windows\SYSTEM32\DBGHELP.DLL
0x00007ffc15f70000 - 0x00007ffc15fa4000 	C:\Windows\SYSTEM32\dbgcore.DLL
0x00007ffc30200000 - 0x00007ffc30282000 	C:\Windows\System32\bcryptPrimitives.dll
0x00007ffc0edd0000 - 0x00007ffc0edf9000 	D:\Android Studio\jre\bin\java.dll
0x00007ffc2bc50000 - 0x00007ffc2bc5b000 	D:\Android Studio\jre\bin\jimage.dll
0x00007ffc2bb80000 - 0x00007ffc2bb98000 	D:\Android Studio\jre\bin\zip.dll
0x00007ffc32190000 - 0x00007ffc328d4000 	C:\Windows\System32\SHELL32.dll
0x00007ffc2dec0000 - 0x00007ffc2e654000 	C:\Windows\SYSTEM32\windows.storage.dll
0x00007ffc31550000 - 0x00007ffc318a4000 	C:\Windows\System32\combase.dll
0x00007ffc2fbf0000 - 0x00007ffc2fc1e000 	C:\Windows\SYSTEM32\Wldp.dll
0x00007ffc30ed0000 - 0x00007ffc30f7d000 	C:\Windows\System32\SHCORE.dll
0x00007ffc30b30000 - 0x00007ffc30b85000 	C:\Windows\System32\shlwapi.dll
0x00007ffc300e0000 - 0x00007ffc30105000 	C:\Windows\SYSTEM32\profapi.dll
0x00007ffc12e00000 - 0x00007ffc12e1a000 	D:\Android Studio\jre\bin\net.dll
0x00007ffc27e50000 - 0x00007ffc27f5a000 	C:\Windows\SYSTEM32\WINHTTP.dll
0x00007ffc2f900000 - 0x00007ffc2f96a000 	C:\Windows\system32\mswsock.dll
0x00007ffc06020000 - 0x00007ffc06034000 	D:\Android Studio\jre\bin\nio.dll
0x00007ffc0ee50000 - 0x00007ffc0ee77000 	C:\Users\kongz\.gradle\native\e1d6ef7f7dcc3fd88c89a11ec53ec762bb8ba0a96d01ffa2cd45eb1d1d8dd5c5\windows-amd64\native-platform.dll
0x00007ffbf0930000 - 0x00007ffbf0a74000 	C:\Users\kongz\.gradle\native\5664cfc778a61ccfe75a443a1ab52a65af34e5dc3c78e0209fed803814484fcb\windows-amd64\native-platform-file-events.dll
0x00007ffc2bb50000 - 0x00007ffc2bb5a000 	D:\Android Studio\jre\bin\management.dll
0x00007ffc18df0000 - 0x00007ffc18dfd000 	D:\Android Studio\jre\bin\management_ext.dll
0x00007ffc2fab0000 - 0x00007ffc2fac8000 	C:\Windows\SYSTEM32\CRYPTSP.dll
0x00007ffc2f1c0000 - 0x00007ffc2f1f4000 	C:\Windows\system32\rsaenh.dll
0x00007ffc30b00000 - 0x00007ffc30b27000 	C:\Windows\System32\bcrypt.dll
0x00007ffc30060000 - 0x00007ffc3008e000 	C:\Windows\SYSTEM32\USERENV.dll
0x00007ffc2fad0000 - 0x00007ffc2fadc000 	C:\Windows\SYSTEM32\CRYPTBASE.dll
0x00007ffc2f5b0000 - 0x00007ffc2f5ec000 	C:\Windows\SYSTEM32\IPHLPAPI.DLL
0x00007ffc30cc0000 - 0x00007ffc30cc8000 	C:\Windows\System32\NSI.dll
0x00007ffc26850000 - 0x00007ffc26867000 	C:\Windows\SYSTEM32\dhcpcsvc6.DLL
0x00007ffc26fd0000 - 0x00007ffc26fed000 	C:\Windows\SYSTEM32\dhcpcsvc.DLL
0x00007ffc2f600000 - 0x00007ffc2f6ca000 	C:\Windows\SYSTEM32\DNSAPI.dll

dbghelp: loaded successfully - version: 4.0.5 - missing functions: none
symbol engine: initialized successfully - sym options: 0x614 - pdb path: .;D:\Android Studio\jre\bin;C:\Windows\SYSTEM32;C:\Windows\WinSxS\amd64_microsoft.windows.common-controls_6595b64144ccf1df_6.0.19041.1110_none_60b5254171f9507e;D:\Android Studio\jre\bin\server;C:\Users\kongz\.gradle\native\e1d6ef7f7dcc3fd88c89a11ec53ec762bb8ba0a96d01ffa2cd45eb1d1d8dd5c5\windows-amd64;C:\Users\kongz\.gradle\native\5664cfc778a61ccfe75a443a1ab52a65af34e5dc3c78e0209fed803814484fcb\windows-amd64

VM Arguments:
jvm_args: --add-opens=java.base/java.util=ALL-UNNAMED --add-opens=java.base/java.lang=ALL-UNNAMED --add-opens=java.base/java.lang.invoke=ALL-UNNAMED --add-opens=java.base/java.util=ALL-UNNAMED --add-opens=java.prefs/java.util.prefs=ALL-UNNAMED --add-opens=java.prefs/java.util.prefs=ALL-UNNAMED --add-opens=java.base/java.nio.charset=ALL-UNNAMED --add-opens=java.base/java.net=ALL-UNNAMED --add-opens=java.base/java.util.concurrent.atomic=ALL-UNNAMED -Xmx2048m -Dfile.encoding=UTF-8 -Duser.country=CN -Duser.language=zh -Duser.variant 
java_command: org.gradle.launcher.daemon.bootstrap.GradleDaemon 7.2
java_class_path (initial): C:\Users\kongz\.gradle\wrapper\dists\gradle-7.2-bin\2dnblmf4td7x66yl1d74lt32g\gradle-7.2\lib\gradle-launcher-7.2.jar
Launcher Type: SUN_STANDARD

[Global flags]
     intx CICompilerCount                          = 12                                        {product} {ergonomic}
     uint ConcGCThreads                            = 3                                         {product} {ergonomic}
     uint G1ConcRefinementThreads                  = 13                                        {product} {ergonomic}
   size_t G1HeapRegionSize                         = 1048576                                   {product} {ergonomic}
    uintx GCDrainStackTargetSize                   = 64                                        {product} {ergonomic}
   size_t InitialHeapSize                          = 266338304                                 {product} {ergonomic}
   size_t MarkStackSize                            = 4194304                                   {product} {ergonomic}
   size_t MaxHeapSize                              = 2147483648                                {product} {command line}
   size_t MaxNewSize                               = 1287651328                                {product} {ergonomic}
   size_t MinHeapDeltaBytes                        = 1048576                                   {product} {ergonomic}
    uintx NonNMethodCodeHeapSize                   = 7594288                                {pd product} {ergonomic}
    uintx NonProfiledCodeHeapSize                  = 122031976                              {pd product} {ergonomic}
    uintx ProfiledCodeHeapSize                     = 122031976                              {pd product} {ergonomic}
    uintx ReservedCodeCacheSize                    = 251658240                              {pd product} {ergonomic}
     bool SegmentedCodeCache                       = true                                      {product} {ergonomic}
     bool UseCompressedClassPointers               = true                                 {lp64_product} {ergonomic}
     bool UseCompressedOops                        = true                                 {lp64_product} {ergonomic}
     bool UseG1GC                                  = true                                      {product} {ergonomic}
     bool UseLargePagesIndividualAllocation        = false                                  {pd product} {ergonomic}

Logging:
Log output configuration:
 #0: stdout all=warning uptime,level,tags
 #1: stderr all=off uptime,level,tags

Environment Variables:
JAVA_HOME=D:\jdk18
CLASSPATH=.;D:\jdk18\lib;D:\jdk18\lib\tools.jar
PATH=D:\jdk18\bin;D:\jdk17\bin;C:\Program Files\Common Files\Oracle\Java\javapath;C:\Program Files (x86)\Common Files\Intel\Shared Libraries\redist\intel64\compiler;C:\Program Files (x86)\Common Files\Oracle\Java\javapath;C:\Program Files\PlasticSCM5\server;C:\Program Files\PlasticSCM5\client;C:\Windows\system32;C:\Windows;C:\Windows\System32\Wbem;C:\Windows\System32\WindowsPowerShell\v1.0\;C:\Windows\System32\OpenSSH\;C:\Program Files (x86)\NVIDIA Corporation\PhysX\Common;C:\Program Files\NVIDIA Corporation\NVIDIA NvDLISR;C:\Program Files (x86)\Autodesk\Backburner\;C:\Program Files\dotnet\;D:\Git\cmd;C:\Program Files\MySQL\MySQL Server 5.5\bin;C:\Program Files\Java\jdk1.8.0_181\bin;C:\Program Files\Java\jdk1.8.0_181\jre\bin;C:\Program Files\Microsoft SQL Server\Client SDK\ODBC\130\Tools\Binn\;C:\Program Files\Azure Data Studio\bin;D:\Node.js\;C:\Program Files\Docker\Docker\resources\bin;C:\ProgramData\DockerDesktop\version-bin;D:\openCV\opencv\build\x64\vc15\bin;D:\miniforge3;D:\miniforge3\Scripts;D:\miniforge3\Library\bin;D:\Graphviz\bin;C:\Users\kongz\AppData\Local\Programs\Python\Python38\Scripts\;C:\Users\kongz\AppData\Local\Programs\Python\Python38\;C:\Users\kongz\AppData\Local\Microsoft\WindowsApps;C:\Program Files\Bandizip\;C:\Users\kongz\.dotnet\tools;D:\Microsoft VS Code\bin;D:\python\PyCharm 2019.3.2\bin;;D:\IntelliJ IDEA\IntelliJ IDEA Community Edition 2022.1.2\bin;;C:\Program Files\Azure Data Studio\bin;C:\Users\kongz\AppData\Roaming\npm;D:\miniforge3\Scripts;D:\miniforge3;D:\miniforge3\Library\bin;
USERNAME=kongz
OS=Windows_NT
PROCESSOR_IDENTIFIER=AMD64 Family 25 Model 80 Stepping 0, AuthenticAMD



---------------  S Y S T E M  ---------------

OS: Windows 10 , 64 bit Build 19041 (10.0.19041.3155)
OS uptime: 2 days 1:34 hours
Hyper-V role detected

CPU:total 16 (initial active 16) (16 cores per cpu, 2 threads per core) family 25 model 80 stepping 0 microcode 0x0, cmov, cx8, fxsr, mmx, sse, sse2, sse3, ssse3, sse4.1, sse4.2, popcnt, avx, avx2, aes, clmul, erms, mmxext, 3dnowpref, lzcnt, sse4a, ht, tsc, tscinvbit, tscinv, bmi1, bmi2,

Memory: 4k page, system-wide physical 16236M (5553M free)
TotalPageFile size 41836M (AvailPageFile size 4M)
current process WorkingSet (physical memory assigned to process): 249M, peak: 249M
current process commit charge ("private bytes"): 428M, peak: 428M

vm_info: OpenJDK 64-Bit Server VM (11.0.11+9-b60-7590822) for windows-amd64 JRE (11.0.11+9-b60-7590822), built on Jul 29 2021 21:43:44 by "builder" with MS VC++ 14.0 (VS2015)

END.
